<?xml version="1.0" encoding="UTF-8"?>
<!-- Generated by org.testng.reporters.JUnitXMLReporter -->
<testsuite ignored="0" hostname="PG0433AD" failures="0" tests="3" name="Test" time="3.175" errors="0" timestamp="2024-09-30T15:42:22 IST">
  <testcase classname="com.api.tests.LoginAPIRequests" name="loginTest" time="2.138"/>
  <testcase classname="com.api.tests.UserAPIRequest" name="userAPItest" time="0.131"/>
  <testcase classname="com.api.tests.CreateJOBAPITest" name="CreateJOBtest" time="0.868"/>
</testsuite> <!-- Test -->
